

Processing WelcomeController#show (for 86.201.65.251 at 2010-01-23 14:43:59) [GET]
  Parameters: {"action"=>"show", "controller"=>"welcome"}
Rendering template within layouts/application
Rendering welcome/show
Completed in 66ms (View: 62, DB: 2) | 200 OK [http://nofallacy.net/]


Processing WelcomeController#help (for 86.201.65.251 at 2010-01-23 14:44:12) [GET]
  Parameters: {"action"=>"help", "controller"=>"welcome"}
Rendering template within layouts/application
Rendering welcome/help
Completed in 6ms (View: 6, DB: 0) | 200 OK [http://nofallacy.net/help]


Processing WelcomeController#show (for 86.201.65.251 at 2010-01-23 14:44:31) [GET]
  Parameters: {"action"=>"show", "controller"=>"welcome"}
Rendering template within layouts/application
Rendering welcome/show
Completed in 7ms (View: 5, DB: 1) | 200 OK [http://nofallacy.net/]


Processing UsersController#new (for 86.201.65.251 at 2010-01-23 14:45:21) [GET]
  Parameters: {"action"=>"new", "controller"=>"users"}
Rendering template within layouts/application
Rendering users/new
Completed in 12ms (View: 9, DB: 0) | 200 OK [http://nofallacy.net/signup]


Processing UsersController#create (for 86.201.65.251 at 2010-01-23 14:46:45) [POST]
  Parameters: {"commit"=>"Create", "action"=>"create", "authenticity_token"=>"HUEVskS7BHIrBsowy3pbbh3EPxYW0jD9bVXpOlxKas8=", "controller"=>"users", "user"=>{"name"=>"John B. Brown", "password_confirmation"=>"[FILTERED]", "password"=>"[FILTERED]", "email"=>"drbrown@moscow.com"}}
Redirected to http://nofallacy.net/users/2
Completed in 197ms (DB: 5) | 302 Found [http://nofallacy.net/users]


Processing UsersController#show (for 86.201.65.251 at 2010-01-23 14:46:46) [GET]
  Parameters: {"action"=>"show", "id"=>"2", "controller"=>"users"}
Rendering template within layouts/application
Rendering users/show
Completed in 8ms (View: 4, DB: 1) | 200 OK [http://nofallacy.net/users/2]


Processing UserSessionsController#destroy (for 86.201.65.251 at 2010-01-23 14:46:53) [GET]
  Parameters: {"action"=>"destroy", "controller"=>"user_sessions"}
Redirected to http://nofallacy.net/
Completed in 5ms (DB: 0) | 302 Found [http://nofallacy.net/logout]


Processing WelcomeController#show (for 86.201.65.251 at 2010-01-23 14:46:53) [GET]
  Parameters: {"action"=>"show", "controller"=>"welcome"}
Rendering template within layouts/application
Rendering welcome/show
Completed in 8ms (View: 6, DB: 1) | 200 OK [http://nofallacy.net/]


Processing UserSessionsController#new (for 86.201.65.251 at 2010-01-23 14:46:55) [GET]
  Parameters: {"action"=>"new", "controller"=>"user_sessions"}
Rendering template within layouts/application
Rendering user_sessions/new
Completed in 6ms (View: 6, DB: 0) | 200 OK [http://nofallacy.net/login]


Processing UserSessionsController#create (for 86.201.65.251 at 2010-01-23 14:47:06) [POST]
  Parameters: {"commit"=>"Submit", "user_session"=>{"password"=>"[FILTERED]", "email"=>"subtenante@gmail.com"}, "action"=>"create", "authenticity_token"=>"HUEVskS7BHIrBsowy3pbbh3EPxYW0jD9bVXpOlxKas8=", "controller"=>"user_sessions"}
Redirected to http://nofallacy.net/
Completed in 4ms (DB: 0) | 302 Found [http://nofallacy.net/user_sessions]


Processing WelcomeController#show (for 86.201.65.251 at 2010-01-23 14:47:07) [GET]
  Parameters: {"action"=>"show", "controller"=>"welcome"}
Rendering template within layouts/application
Rendering welcome/show
Completed in 11ms (View: 9, DB: 2) | 200 OK [http://nofallacy.net/]


Processing UsersController#index (for 86.201.65.251 at 2010-01-23 14:47:14) [GET]
  Parameters: {"action"=>"index", "controller"=>"users"}
Rendering template within layouts/application
Rendering users/index
Completed in 11ms (View: 8, DB: 1) | 200 OK [http://nofallacy.net/users]


Processing UsersController#edit (for 86.201.65.251 at 2010-01-23 14:47:17) [GET]
  Parameters: {"action"=>"edit", "id"=>"2", "controller"=>"users"}
Rendering template within layouts/application
Rendering users/edit
Completed in 11ms (View: 8, DB: 0) | 200 OK [http://nofallacy.net/users/2/edit]


Processing UsersController#update (for 86.201.65.251 at 2010-01-23 14:47:22) [PUT]
  Parameters: {"commit"=>"Update", "action"=>"update", "_method"=>"put", "authenticity_token"=>"HUEVskS7BHIrBsowy3pbbh3EPxYW0jD9bVXpOlxKas8=", "id"=>"2", "controller"=>"users", "user"=>{"name"=>"John B. Brown", "password_confirmation"=>"[FILTERED]", "admin"=>"1", "enabled"=>"1", "password"=>"[FILTERED]", "email"=>"drbrown@moscow.com"}}
Redirected to http://nofallacy.net/users/2
Completed in 10ms (DB: 4) | 302 Found [http://nofallacy.net/users/2]


Processing UsersController#show (for 86.201.65.251 at 2010-01-23 14:47:22) [GET]
  Parameters: {"action"=>"show", "id"=>"2", "controller"=>"users"}
Rendering template within layouts/application
Rendering users/show
Completed in 7ms (View: 4, DB: 0) | 200 OK [http://nofallacy.net/users/2]


Processing UsersController#index (for 86.201.65.251 at 2010-01-23 15:01:53) [GET]
  Parameters: {"action"=>"index", "controller"=>"users"}
Rendering template within layouts/application
Rendering users/index
Completed in 30ms (View: 22, DB: 1) | 200 OK [http://nofallacy.net/users]


Processing WelcomeController#show (for 70.112.187.224 at 2010-01-23 15:07:17) [GET]
  Parameters: {"action"=>"show", "controller"=>"welcome"}
Rendering template within layouts/application
Rendering welcome/show
Completed in 66ms (View: 62, DB: 3) | 200 OK [http://www.nofallacy.net/]


Processing UsersController#new (for 70.112.187.224 at 2010-01-23 15:07:44) [GET]
  Parameters: {"action"=>"new", "controller"=>"users"}
Rendering template within layouts/application
Rendering users/new
Completed in 22ms (View: 18, DB: 0) | 200 OK [http://www.nofallacy.net/signup]


Processing WelcomeController#show (for 99.178.132.43 at 2010-01-23 15:12:29) [GET]
  Parameters: {"action"=>"show", "controller"=>"welcome"}
Rendering template within layouts/application
Rendering welcome/show
Completed in 69ms (View: 64, DB: 2) | 200 OK [http://www.nofallacy.net/]


Processing UsersController#new (for 99.178.132.43 at 2010-01-23 15:12:37) [GET]
  Parameters: {"action"=>"new", "controller"=>"users"}
Rendering template within layouts/application
Rendering users/new
Completed in 11ms (View: 8, DB: 0) | 200 OK [http://www.nofallacy.net/signup]


Processing UsersController#create (for 70.112.187.224 at 2010-01-23 15:12:56) [POST]
  Parameters: {"commit"=>"Create", "action"=>"create", "authenticity_token"=>"Y5//I2n7VDOaRfnREaQWNrKfBEq8JWW74vrCwzd0tsA=", "controller"=>"users", "user"=>{"name"=>"Dean Kakridas", "password_confirmation"=>"[FILTERED]", "password"=>"[FILTERED]", "email"=>"kakridas@mac.com"}}
Redirected to http://www.nofallacy.net/users/3
Completed in 175ms (DB: 14) | 302 Found [http://www.nofallacy.net/users]


Processing UsersController#show (for 70.112.187.224 at 2010-01-23 15:12:56) [GET]
  Parameters: {"action"=>"show", "id"=>"3", "controller"=>"users"}
Rendering template within layouts/application
Rendering users/show
Completed in 8ms (View: 4, DB: 1) | 200 OK [http://www.nofallacy.net/users/3]


Processing UsersController#edit (for 70.112.187.224 at 2010-01-23 15:13:01) [GET]
  Parameters: {"action"=>"edit", "id"=>"3", "controller"=>"users"}
Rendering template within layouts/application
Rendering users/edit
Completed in 11ms (View: 8, DB: 1) | 200 OK [http://www.nofallacy.net/users/3/edit]


Processing WelcomeController#show (for 70.112.187.224 at 2010-01-23 15:13:05) [GET]
  Parameters: {"action"=>"show", "controller"=>"welcome"}
Rendering template within layouts/application
Rendering welcome/show
Completed in 9ms (View: 8, DB: 1) | 200 OK [http://www.nofallacy.net/]


Processing TopicsController#index (for 70.112.187.224 at 2010-01-23 15:13:06) [GET]
  Parameters: {"action"=>"index", "controller"=>"topics"}
Rendering template within layouts/application
Rendering topics/index
Completed in 15ms (View: 12, DB: 1) | 200 OK [http://www.nofallacy.net/topics]


Processing TopicsController#show (for 70.112.187.224 at 2010-01-23 15:13:12) [GET]
  Parameters: {"action"=>"show", "id"=>"1", "controller"=>"topics"}
Rendering template within layouts/application
Rendering topics/show
Completed in 32ms (View: 26, DB: 5) | 200 OK [http://www.nofallacy.net/topics/1]


Processing UsersController#create (for 99.178.132.43 at 2010-01-23 15:16:49) [POST]
  Parameters: {"commit"=>"Create", "action"=>"create", "authenticity_token"=>"9m7Nlqyv/Xrgemilw57zcemQSr9jme0BQ7TA7eFlGpQ=", "controller"=>"users", "user"=>{"name"=>"Diogenes", "password_confirmation"=>"[FILTERED]", "password"=>"[FILTERED]", "email"=>"walidabdalhaq@gmail.com"}}
Redirected to http://www.nofallacy.net/users/4
Completed in 100ms (DB: 6) | 302 Found [http://www.nofallacy.net/users]


Processing UsersController#show (for 99.178.132.43 at 2010-01-23 15:16:49) [GET]
  Parameters: {"action"=>"show", "id"=>"4", "controller"=>"users"}
Rendering template within layouts/application
Rendering users/show
Completed in 11ms (View: 7, DB: 1) | 200 OK [http://www.nofallacy.net/users/4]


Processing FallaciesController#index (for 99.178.132.43 at 2010-01-23 15:16:57) [GET]
  Parameters: {"action"=>"index", "controller"=>"fallacies"}
Rendering template within layouts/application
Rendering fallacies/index
Completed in 16ms (View: 12, DB: 1) | 200 OK [http://www.nofallacy.net/fallacies]


Processing TopicsController#index (for 99.178.132.43 at 2010-01-23 15:17:05) [GET]
  Parameters: {"action"=>"index", "controller"=>"topics"}
Rendering template within layouts/application
Rendering topics/index
Completed in 156ms (View: 152, DB: 1) | 200 OK [http://www.nofallacy.net/topics]


Processing TopicsController#show (for 99.178.132.43 at 2010-01-23 15:17:09) [GET]
  Parameters: {"action"=>"show", "id"=>"1", "controller"=>"topics"}
Rendering template within layouts/application
Rendering topics/show
Completed in 30ms (View: 25, DB: 4) | 200 OK [http://www.nofallacy.net/topics/1]


Processing UsersController#edit (for 99.178.132.43 at 2010-01-23 15:22:47) [GET]
  Parameters: {"action"=>"edit", "id"=>"current", "controller"=>"users"}
Rendering template within layouts/application
Rendering users/edit
Completed in 24ms (View: 17, DB: 1) | 200 OK [http://www.nofallacy.net/users/current/edit]


Processing FallaciesController#index (for 99.178.132.43 at 2010-01-23 15:22:55) [GET]
  Parameters: {"action"=>"index", "controller"=>"fallacies"}
Rendering template within layouts/application
Rendering fallacies/index
Completed in 15ms (View: 11, DB: 2) | 200 OK [http://www.nofallacy.net/fallacies]


Processing FallaciesController#index (for 99.178.132.43 at 2010-01-23 15:22:59) [GET]
  Parameters: {"action"=>"index", "controller"=>"fallacies"}
Rendering template within layouts/application
Rendering fallacies/index
Completed in 8ms (View: 7, DB: 0) | 200 OK [http://www.nofallacy.net/fallacies]


Processing TagsController#index (for 99.178.132.43 at 2010-01-23 15:22:59) [GET]
  Parameters: {"action"=>"index", "controller"=>"tags"}
Rendering template within layouts/application
Rendering tags/index
Completed in 60ms (View: 53, DB: 3) | 200 OK [http://www.nofallacy.net/tags]


Processing WelcomeController#show (for 99.178.132.43 at 2010-01-23 15:23:02) [GET]
  Parameters: {"action"=>"show", "controller"=>"welcome"}
Rendering template within layouts/application
Rendering welcome/show
Completed in 17ms (View: 12, DB: 2) | 200 OK [http://www.nofallacy.net/]


Processing WelcomeController#show (for 99.178.132.43 at 2010-01-23 15:23:09) [GET]
  Parameters: {"action"=>"show", "controller"=>"welcome"}
Rendering template within layouts/application
Rendering welcome/show
Completed in 10ms (View: 8, DB: 2) | 200 OK [http://www.nofallacy.net/]


Processing WelcomeController#show (for 99.178.132.43 at 2010-01-23 15:23:11) [GET]
  Parameters: {"action"=>"show", "controller"=>"welcome"}
Rendering template within layouts/application
Rendering welcome/show
Completed in 9ms (View: 8, DB: 1) | 200 OK [http://www.nofallacy.net/]


Processing WelcomeController#show (for 67.121.120.239 at 2010-01-23 15:32:02) [GET]
  Parameters: {"action"=>"show", "controller"=>"welcome"}
Rendering template within layouts/application
Rendering welcome/show
Completed in 103ms (View: 99, DB: 2) | 200 OK [http://www.nofallacy.net/]


Processing WelcomeController#show (for 69.137.183.98 at 2010-01-23 15:48:17) [GET]
  Parameters: {"action"=>"show", "controller"=>"welcome"}
Rendering template within layouts/application
Rendering welcome/show
Completed in 78ms (View: 73, DB: 3) | 200 OK [http://www.nofallacy.net/]


Processing UsersController#new (for 69.137.183.98 at 2010-01-23 15:52:00) [GET]
  Parameters: {"action"=>"new", "controller"=>"users"}
Rendering template within layouts/application
Rendering users/new
Completed in 22ms (View: 18, DB: 0) | 200 OK [http://www.nofallacy.net/signup]


Processing UsersController#create (for 69.137.183.98 at 2010-01-23 15:52:39) [POST]
  Parameters: {"commit"=>"Create", "action"=>"create", "authenticity_token"=>"DoUAvUp5I0r2bLff4n3I7L3yYGXw+D1UC0N6heF60pE=", "controller"=>"users", "user"=>{"name"=>"Andrew Kenworthy", "password_confirmation"=>"[FILTERED]", "password"=>"[FILTERED]", "email"=>"reload1@comcast.net"}}
Redirected to http://www.nofallacy.net/users/5
Completed in 79ms (DB: 7) | 302 Found [http://www.nofallacy.net/users]


Processing UsersController#show (for 69.137.183.98 at 2010-01-23 15:52:39) [GET]
  Parameters: {"action"=>"show", "id"=>"5", "controller"=>"users"}
Rendering template within layouts/application
Rendering users/show
Completed in 8ms (View: 4, DB: 1) | 200 OK [http://www.nofallacy.net/users/5]


Processing WelcomeController#show (for 69.137.183.98 at 2010-01-23 15:53:10) [GET]
  Parameters: {"action"=>"show", "controller"=>"welcome"}
Rendering template within layouts/application
Rendering welcome/show
Completed in 154ms (View: 148, DB: 3) | 200 OK [http://www.nofallacy.net/]


Processing TopicsController#show (for 69.137.183.98 at 2010-01-23 15:53:12) [GET]
  Parameters: {"action"=>"show", "id"=>"1", "controller"=>"topics"}
Rendering template within layouts/application
Rendering topics/show
Completed in 31ms (View: 25, DB: 3) | 200 OK [http://www.nofallacy.net/topics/1]


Processing TopicsController#index (for 67.121.120.239 at 2010-01-23 17:07:20) [GET]
  Parameters: {"action"=>"index", "controller"=>"topics"}
Rendering template within layouts/application
Rendering topics/index
Completed in 73ms (View: 69, DB: 1) | 200 OK [http://www.nofallacy.net/topics]


Processing TopicsController#show (for 67.121.120.239 at 2010-01-23 17:07:24) [GET]
  Parameters: {"action"=>"show", "id"=>"1", "controller"=>"topics"}
Rendering template within layouts/application
Rendering topics/show
Completed in 20ms (View: 17, DB: 3) | 200 OK [http://www.nofallacy.net/topics/1]


Processing TopicsController#show (for 67.121.120.239 at 2010-01-23 17:07:43) [GET]
  Parameters: {"action"=>"show", "id"=>"1", "controller"=>"topics"}
Rendering template within layouts/application
Rendering topics/show
Completed in 15ms (View: 12, DB: 2) | 200 OK [http://www.nofallacy.net/topics/1]


Processing CommentsController#create (for 69.137.183.98 at 2010-01-23 17:14:35) [POST]
  Parameters: {"comment"=>{"title"=>"No pain, no gain", "content"=>"I'm guessing that as far as spotting fallacies goes I am the least experienced of the group but in an effort to learn I'll submit the following so as to get the ball rolling.\r\n\r\nMy overall impression of the article is that is is well written. It sites reasonable sources (as far as I know) and also rings true with my own experiences.\r\n\r\nI feel however that my duty here is to attempt to find fault within the submitted text and so I will point out what few flaws I see.\r\n\r\nThe first flag for me comes in the first sentence. The  \"collapse of all restraint in society\" is an overstatement. \"All\" restraint has not been lost and I believe that this would be an example of the \"Straw man\" fallacey.\r\n\r\nLater, and I almost hate to metion it, the author softens his statemnt from \"is pushing some Muslims to the edge of reason.\" to \"may be pushing some Muslims to the edge of reason.\"\r\n\r\nThe fallacies in the text are, in my opinion few but there are many other points which are absent from the text which are of more value. Without going into too much detail, this is an account of a clash in cultures. Why is it not discussed that one of the muslum faith may be better off living in a muslim country?\r\n\r\nPersonaly I agree, we do need to \"sober up and see what we have become.\"\r\nAt the same time though, people have been saying the same sort of thing for thousands of years and yet, here we are... \r\n\r\n \r\n\r\n\r\n", "topic_id"=>"1"}, "commit"=>"Send", "action"=>"create", "authenticity_token"=>"DoUAvUp5I0r2bLff4n3I7L3yYGXw+D1UC0N6heF60pE=", "controller"=>"comments", "topic_id"=>"1"}
Redirected to http://www.nofallacy.net/comments/1
Completed in 25ms (DB: 6) | 302 Found [http://www.nofallacy.net/topics/1/comments]


Processing CommentsController#show (for 69.137.183.98 at 2010-01-23 17:14:35) [GET]
  Parameters: {"action"=>"show", "id"=>"1", "controller"=>"comments"}
Rendering template within layouts/application
Rendering comments/show
Completed in 60ms (View: 57, DB: 3) | 200 OK [http://www.nofallacy.net/comments/1]


Processing TopicsController#index (for 69.137.183.98 at 2010-01-23 17:14:44) [GET]
  Parameters: {"action"=>"index", "controller"=>"topics"}
Rendering template within layouts/application
Rendering topics/index
Completed in 16ms (View: 13, DB: 1) | 200 OK [http://www.nofallacy.net/topics]


Processing FallaciesController#index (for 69.137.183.98 at 2010-01-23 17:14:48) [GET]
  Parameters: {"action"=>"index", "controller"=>"fallacies"}
Rendering template within layouts/application
Rendering fallacies/index
Completed in 15ms (View: 10, DB: 1) | 200 OK [http://www.nofallacy.net/fallacies]


Processing TagsController#index (for 69.137.183.98 at 2010-01-23 17:14:50) [GET]
  Parameters: {"action"=>"index", "controller"=>"tags"}
Rendering template within layouts/application
Rendering tags/index
Completed in 15ms (View: 8, DB: 2) | 200 OK [http://www.nofallacy.net/tags]


Processing WelcomeController#show (for 69.137.183.98 at 2010-01-23 17:15:06) [GET]
  Parameters: {"action"=>"show", "controller"=>"welcome"}
Rendering template within layouts/application
Rendering welcome/show
Completed in 12ms (View: 9, DB: 1) | 200 OK [http://www.nofallacy.net/]


Processing WelcomeController#show (for 198.186.192.44 at 2010-01-23 18:53:58) [GET]
  Parameters: {"action"=>"show", "controller"=>"welcome"}
Rendering template within layouts/application
Rendering welcome/show
Completed in 74ms (View: 69, DB: 4) | 200 OK [http://www.nofallacy.net/]


Processing WelcomeController#show (for 86.201.65.251 at 2010-01-24 01:47:59) [GET]
  Parameters: {"action"=>"show", "controller"=>"welcome"}
Rendering template within layouts/application
Rendering welcome/show
Completed in 109ms (View: 88, DB: 20) | 200 OK [http://nofallacy.net/]


Processing TopicsController#show (for 86.201.65.251 at 2010-01-24 01:48:09) [GET]
  Parameters: {"action"=>"show", "id"=>"1", "controller"=>"topics"}
Rendering template within layouts/application
Rendering topics/show
Completed in 38ms (View: 21, DB: 15) | 200 OK [http://nofallacy.net/topics/1]


Processing UserSessionsController#new (for 86.201.65.251 at 2010-01-24 01:50:14) [GET]
  Parameters: {"action"=>"new", "controller"=>"user_sessions"}
Rendering template within layouts/application
Rendering user_sessions/new
Completed in 18ms (View: 16, DB: 0) | 200 OK [http://nofallacy.net/login]


Processing UserSessionsController#create (for 86.201.65.251 at 2010-01-24 01:50:33) [POST]
  Parameters: {"commit"=>"Submit", "user_session"=>{"password"=>"[FILTERED]", "email"=>"subtenante@gmail.com"}, "action"=>"create", "authenticity_token"=>"KMm4eqIcFJfI68xAvBLsqWAJaBhOpmHSbecxpmxmxf4=", "controller"=>"user_sessions"}
Redirected to http://nofallacy.net/
Completed in 98ms (DB: 1) | 302 Found [http://nofallacy.net/user_sessions]


Processing WelcomeController#show (for 86.201.65.251 at 2010-01-24 01:50:34) [GET]
  Parameters: {"action"=>"show", "controller"=>"welcome"}
Rendering template within layouts/application
Rendering welcome/show
Completed in 148ms (View: 143, DB: 3) | 200 OK [http://nofallacy.net/]


Processing UsersController#index (for 86.201.65.251 at 2010-01-24 01:50:39) [GET]
  Parameters: {"action"=>"index", "controller"=>"users"}
Rendering template within layouts/application
Rendering users/index
Completed in 19ms (View: 14, DB: 0) | 200 OK [http://nofallacy.net/users]


Processing WelcomeController#show (for 86.201.65.251 at 2010-01-24 01:50:59) [GET]
  Parameters: {"action"=>"show", "controller"=>"welcome"}
Rendering template within layouts/application
Rendering welcome/show
Completed in 12ms (View: 10, DB: 2) | 200 OK [http://nofallacy.net/]


Processing TopicsController#show (for 86.201.65.251 at 2010-01-24 01:52:52) [GET]
  Parameters: {"action"=>"show", "id"=>"1", "controller"=>"topics"}
Rendering template within layouts/application
Rendering topics/show
Completed in 36ms (View: 30, DB: 3) | 200 OK [http://nofallacy.net/topics/1]


Processing WelcomeController#help (for 86.201.65.251 at 2010-01-24 01:58:11) [GET]
  Parameters: {"action"=>"help", "controller"=>"welcome"}
Rendering template within layouts/application
Rendering welcome/help
Completed in 21ms (View: 19, DB: 1) | 200 OK [http://nofallacy.net/help]


Processing WelcomeController#about (for 86.201.65.251 at 2010-01-24 02:00:43) [GET]
  Parameters: {"action"=>"about", "controller"=>"welcome"}
Rendering template within layouts/application
Rendering welcome/about
Completed in 21ms (View: 18, DB: 1) | 200 OK [http://nofallacy.net/about]


Processing WelcomeController#show (for 86.201.65.251 at 2010-01-24 02:01:05) [GET]
  Parameters: {"action"=>"show", "controller"=>"welcome"}
Rendering template within layouts/application
Rendering welcome/show
Completed in 59ms (View: 55, DB: 4) | 200 OK [http://nofallacy.net/]


Processing TopicsController#show (for 86.201.65.251 at 2010-01-24 02:01:15) [GET]
  Parameters: {"action"=>"show", "id"=>"1", "controller"=>"topics"}
Rendering template within layouts/application
Rendering topics/show
Completed in 37ms (View: 31, DB: 4) | 200 OK [http://nofallacy.net/topics/1]


Processing WelcomeController#show (for 86.201.65.251 at 2010-01-24 04:12:56) [GET]
  Parameters: {"action"=>"show", "controller"=>"welcome"}
Rendering template within layouts/application
Rendering welcome/show
Completed in 102ms (View: 79, DB: 21) | 200 OK [http://nofallacy.net/]


Processing UserSessionsController#new (for 86.201.65.251 at 2010-01-24 04:13:02) [GET]
  Parameters: {"action"=>"new", "controller"=>"user_sessions"}
Rendering template within layouts/application
Rendering user_sessions/new
Completed in 9ms (View: 7, DB: 0) | 200 OK [http://nofallacy.net/login]


Processing UserSessionsController#create (for 86.201.65.251 at 2010-01-24 04:13:11) [POST]
  Parameters: {"commit"=>"Submit", "user_session"=>{"password"=>"[FILTERED]", "email"=>"subtenante@gmail.com"}, "action"=>"create", "authenticity_token"=>"r6t9LgluzsfWBeEEs3F8vJWu4Lgc9npwPWQ81iEnyks=", "controller"=>"user_sessions"}
Redirected to http://nofallacy.net/
Completed in 100ms (DB: 1) | 302 Found [http://nofallacy.net/user_sessions]


Processing WelcomeController#show (for 86.201.65.251 at 2010-01-24 04:13:11) [GET]
  Parameters: {"action"=>"show", "controller"=>"welcome"}
Rendering template within layouts/application
Rendering welcome/show
Completed in 13ms (View: 10, DB: 3) | 200 OK [http://nofallacy.net/]


Processing UsersController#index (for 86.201.65.251 at 2010-01-24 04:13:17) [GET]
  Parameters: {"action"=>"index", "controller"=>"users"}
Rendering template within layouts/application
Rendering users/index
Completed in 19ms (View: 14, DB: 0) | 200 OK [http://nofallacy.net/users]


Processing WelcomeController#help (for 86.201.65.251 at 2010-01-24 04:13:29) [GET]
  Parameters: {"action"=>"help", "controller"=>"welcome"}
Rendering template within layouts/application
Rendering welcome/help
Completed in 8ms (View: 8, DB: 0) | 200 OK [http://nofallacy.net/help]


Processing TopicsController#index (for 86.201.65.251 at 2010-01-24 04:18:38) [GET]
  Parameters: {"action"=>"index", "controller"=>"topics"}
Rendering template within layouts/application
Rendering topics/index
Completed in 71ms (View: 67, DB: 2) | 200 OK [http://nofallacy.net/topics]


Processing TopicsController#show (for 86.201.65.251 at 2010-01-24 04:18:40) [GET]
  Parameters: {"action"=>"show", "id"=>"1", "controller"=>"topics"}
Rendering template within layouts/application
Rendering topics/show
Completed in 76ms (View: 34, DB: 41) | 200 OK [http://nofallacy.net/topics/1]


Processing FallaciesController#index (for 86.201.65.251 at 2010-01-24 04:19:11) [GET]
  Parameters: {"action"=>"index", "controller"=>"fallacies"}
Rendering template within layouts/application
Rendering fallacies/index
Completed in 15ms (View: 11, DB: 2) | 200 OK [http://nofallacy.net/fallacies]


Processing FallaciesController#create (for 86.201.65.251 at 2010-01-24 04:31:39) [POST]
  Parameters: {"commit"=>"Create", "action"=>"create", "authenticity_token"=>"r6t9LgluzsfWBeEEs3F8vJWu4Lgc9npwPWQ81iEnyks=", "fallacy"=>{"shortname"=>"straw_man", "title"=>"Straw man Fallacy", "content"=>"h1. Definition\r\n\r\nFrom Wikipedia[1]:\r\n\r\nbq. A straw man argument is an informal fallacy based on misrepresentation of an opponent's position. To \"attack a straw man\" is to create the illusion of having refuted a proposition by substituting a superficially similar proposition (the \"straw man\"), and refuting it, without ever having actually refuted the original position.\r\n\r\nh1. Canonical example\r\n\r\nFrom Purdue[2]:\r\n\r\nbq..\r\n<blockquote><p class=\"example\">People who don't support the proposed state minimum wage increase hate the poor.</p></blockquote>\r\n\r\nIn this example the author attributes the worst possible motive to an opponent's position. In reality, however, the opposition probably has more complex and sympathetic arguments to support their point. By not addressing those arguments, the author is not treating the opposition with respect or refuting their position.\r\n\r\nh1. Notes\r\n\r\nfn1. \"Straw Man on Wikipedia\":http://en.wikipedia.org/wiki/Straw_man\r\nfn2. \"Purdue OWL\":http://owl.english.purdue.edu/owl/resource/659/03"}, "controller"=>"fallacies"}
Redirected to http://nofallacy.net/fallacies/1
Completed in 20ms (DB: 4) | 302 Found [http://nofallacy.net/fallacies]


Processing FallaciesController#show (for 86.201.65.251 at 2010-01-24 04:31:42) [GET]
  Parameters: {"action"=>"show", "id"=>"1", "controller"=>"fallacies"}
Rendering template within layouts/application
Rendering fallacies/show
Completed in 23ms (View: 19, DB: 3) | 200 OK [http://nofallacy.net/fallacies/1]


Processing FallaciesController#edit (for 86.201.65.251 at 2010-01-24 04:31:59) [GET]
  Parameters: {"action"=>"edit", "id"=>"1", "controller"=>"fallacies"}
Rendering template within layouts/application
Rendering fallacies/edit
Completed in 10ms (View: 6, DB: 1) | 200 OK [http://nofallacy.net/fallacies/1/edit]


Processing FallaciesController#update (for 86.201.65.251 at 2010-01-24 04:32:21) [PUT]
  Parameters: {"commit"=>"Update", "action"=>"update", "_method"=>"put", "authenticity_token"=>"r6t9LgluzsfWBeEEs3F8vJWu4Lgc9npwPWQ81iEnyks=", "id"=>"1", "fallacy"=>{"shortname"=>"straw_man", "title"=>"Straw man Fallacy", "content"=>"h1. Definition\r\n\r\nFrom Wikipedia[1]:\r\n\r\nbq. A straw man argument is an informal fallacy based on misrepresentation of an opponent's position. To \"attack a straw man\" is to create the illusion of having refuted a proposition by substituting a superficially similar proposition (the \"straw man\"), and refuting it, without ever having actually refuted the original position.\r\n\r\nh1. Canonical example\r\n\r\nFrom Purdue[2]:\r\n\r\nbq. == <blockquote><p class=\"example\">People who don't support the proposed state minimum wage increase hate the poor.</p></blockquote> ==\r\n\r\nIn this example the author attributes the worst possible motive to an opponent's position. In reality, however, the opposition probably has more complex and sympathetic arguments to support their point. By not addressing those arguments, the author is not treating the opposition with respect or refuting their position.\r\n\r\nh1. Notes\r\n\r\nfn1. \"Straw Man on Wikipedia\":http://en.wikipedia.org/wiki/Straw_man\r\nfn2. \"Purdue OWL\":http://owl.english.purdue.edu/owl/resource/659/03"}, "controller"=>"fallacies"}
Redirected to http://nofallacy.net/fallacies/1
Completed in 16ms (DB: 10) | 302 Found [http://nofallacy.net/fallacies/1]


Processing FallaciesController#show (for 86.201.65.251 at 2010-01-24 04:32:21) [GET]
  Parameters: {"action"=>"show", "id"=>"1", "controller"=>"fallacies"}
Rendering template within layouts/application
Rendering fallacies/show
Completed in 15ms (View: 12, DB: 2) | 200 OK [http://nofallacy.net/fallacies/1]


Processing FallaciesController#edit (for 86.201.65.251 at 2010-01-24 04:32:32) [GET]
  Parameters: {"action"=>"edit", "id"=>"1", "controller"=>"fallacies"}
Rendering template within layouts/application
Rendering fallacies/edit
Completed in 9ms (View: 6, DB: 1) | 200 OK [http://nofallacy.net/fallacies/1/edit]


Processing FallaciesController#update (for 86.201.65.251 at 2010-01-24 04:32:46) [PUT]
  Parameters: {"commit"=>"Update", "action"=>"update", "_method"=>"put", "authenticity_token"=>"r6t9LgluzsfWBeEEs3F8vJWu4Lgc9npwPWQ81iEnyks=", "id"=>"1", "fallacy"=>{"shortname"=>"straw_man", "title"=>"Straw man Fallacy", "content"=>"h1. Definition\r\n\r\nFrom Wikipedia[1]:\r\n\r\nbq. A straw man argument is an informal fallacy based on misrepresentation of an opponent's position. To \"attack a straw man\" is to create the illusion of having refuted a proposition by substituting a superficially similar proposition (the \"straw man\"), and refuting it, without ever having actually refuted the original position.\r\n\r\nh1. Canonical example\r\n\r\nFrom Purdue[2]:\r\n\r\nbq.. People who don't support the proposed state minimum wage increase hate the poor.\r\n\r\nIn this example the author attributes the worst possible motive to an opponent's position. In reality, however, the opposition probably has more complex and sympathetic arguments to support their point. By not addressing those arguments, the author is not treating the opposition with respect or refuting their position.\r\n\r\nh1. Notes\r\n\r\nfn1. \"Straw Man on Wikipedia\":http://en.wikipedia.org/wiki/Straw_man\r\nfn2. \"Purdue OWL\":http://owl.english.purdue.edu/owl/resource/659/03"}, "controller"=>"fallacies"}
Redirected to http://nofallacy.net/fallacies/1
Completed in 8ms (DB: 3) | 302 Found [http://nofallacy.net/fallacies/1]


Processing FallaciesController#show (for 86.201.65.251 at 2010-01-24 04:32:47) [GET]
  Parameters: {"action"=>"show", "id"=>"1", "controller"=>"fallacies"}
Rendering template within layouts/application
Rendering fallacies/show
Completed in 13ms (View: 11, DB: 1) | 200 OK [http://nofallacy.net/fallacies/1]


Processing FallaciesController#edit (for 86.201.65.251 at 2010-01-24 04:32:56) [GET]
  Parameters: {"action"=>"edit", "id"=>"1", "controller"=>"fallacies"}
Rendering template within layouts/application
Rendering fallacies/edit
Completed in 9ms (View: 6, DB: 0) | 200 OK [http://nofallacy.net/fallacies/1/edit]


Processing FallaciesController#update (for 86.201.65.251 at 2010-01-24 04:33:08) [PUT]
  Parameters: {"commit"=>"Update", "action"=>"update", "_method"=>"put", "authenticity_token"=>"r6t9LgluzsfWBeEEs3F8vJWu4Lgc9npwPWQ81iEnyks=", "id"=>"1", "fallacy"=>{"shortname"=>"straw_man", "title"=>"Straw man Fallacy", "content"=>"h1. Definition\r\n\r\nFrom Wikipedia[1]:\r\n\r\nbq. A straw man argument is an informal fallacy based on misrepresentation of an opponent's position. To \"attack a straw man\" is to create the illusion of having refuted a proposition by substituting a superficially similar proposition (the \"straw man\"), and refuting it, without ever having actually refuted the original position.\r\n\r\nh1. Canonical example\r\n\r\nFrom Purdue[2]:\r\n\r\nbq.. *People who don't support the proposed state minimum wage increase hate the poor.*\r\n\r\nIn this example the author attributes the worst possible motive to an opponent's position. In reality, however, the opposition probably has more complex and sympathetic arguments to support their point. By not addressing those arguments, the author is not treating the opposition with respect or refuting their position.\r\n\r\nh1. Notes\r\n\r\nfn1. \"Straw Man on Wikipedia\":http://en.wikipedia.org/wiki/Straw_man\r\nfn2. \"Purdue OWL\":http://owl.english.purdue.edu/owl/resource/659/03"}, "controller"=>"fallacies"}
Redirected to http://nofallacy.net/fallacies/1
Completed in 7ms (DB: 2) | 302 Found [http://nofallacy.net/fallacies/1]


Processing FallaciesController#show (for 86.201.65.251 at 2010-01-24 04:33:09) [GET]
  Parameters: {"action"=>"show", "id"=>"1", "controller"=>"fallacies"}
Rendering template within layouts/application
Rendering fallacies/show
Completed in 13ms (View: 11, DB: 1) | 200 OK [http://nofallacy.net/fallacies/1]


Processing FallaciesController#edit (for 86.201.65.251 at 2010-01-24 04:33:14) [GET]
  Parameters: {"action"=>"edit", "id"=>"1", "controller"=>"fallacies"}
Rendering template within layouts/application
Rendering fallacies/edit
Completed in 9ms (View: 6, DB: 1) | 200 OK [http://nofallacy.net/fallacies/1/edit]


Processing FallaciesController#update (for 86.201.65.251 at 2010-01-24 04:33:22) [PUT]
  Parameters: {"commit"=>"Update", "action"=>"update", "_method"=>"put", "authenticity_token"=>"r6t9LgluzsfWBeEEs3F8vJWu4Lgc9npwPWQ81iEnyks=", "id"=>"1", "fallacy"=>{"shortname"=>"straw_man", "title"=>"Straw man Fallacy", "content"=>"h1. Definition\r\n\r\nFrom Wikipedia[1]:\r\n\r\nbq. A straw man argument is an informal fallacy based on misrepresentation of an opponent's position. To \"attack a straw man\" is to create the illusion of having refuted a proposition by substituting a superficially similar proposition (the \"straw man\"), and refuting it, without ever having actually refuted the original position.\r\n\r\nh1. Canonical example\r\n\r\nFrom Purdue[2]:\r\n\r\nbq.. *People who don't support the proposed state minimum wage increase hate the poor.*\r\n\r\nIn this example the author attributes the worst possible motive to an opponent's position. In reality, however, the opposition probably has more complex and sympathetic arguments to support their point. By not addressing those arguments, the author is not treating the opposition with respect or refuting their position.\r\n\r\nh1. Notes\r\n\r\nfn1. \"Straw Man on Wikipedia\":http://en.wikipedia.org/wiki/Straw_man\r\n\r\nfn2. \"Purdue OWL\":http://owl.english.purdue.edu/owl/resource/659/03"}, "controller"=>"fallacies"}
Redirected to http://nofallacy.net/fallacies/1
Completed in 10ms (DB: 5) | 302 Found [http://nofallacy.net/fallacies/1]


Processing FallaciesController#show (for 86.201.65.251 at 2010-01-24 04:33:22) [GET]
  Parameters: {"action"=>"show", "id"=>"1", "controller"=>"fallacies"}
Rendering template within layouts/application
Rendering fallacies/show
Completed in 14ms (View: 12, DB: 1) | 200 OK [http://nofallacy.net/fallacies/1]


Processing WelcomeController#show (for 86.201.65.251 at 2010-01-24 04:33:51) [GET]
  Parameters: {"action"=>"show", "controller"=>"welcome"}
Rendering template within layouts/application
Rendering welcome/show
Completed in 159ms (View: 154, DB: 3) | 200 OK [http://nofallacy.net/]


Processing TopicsController#show (for 86.201.65.251 at 2010-01-24 04:33:57) [GET]
  Parameters: {"action"=>"show", "id"=>"1", "controller"=>"topics"}
Rendering template within layouts/application
Rendering topics/show
Completed in 36ms (View: 29, DB: 3) | 200 OK [http://nofallacy.net/topics/1]


Processing WelcomeController#show (for 86.201.65.251 at 2010-01-24 05:01:09) [GET]
  Parameters: {"action"=>"show", "controller"=>"welcome"}
Rendering template within layouts/application
Rendering welcome/show
Completed in 639ms (View: 568, DB: 69) | 200 OK [http://nofallacy.net/]


Processing WelcomeController#show (for 86.201.65.251 at 2010-01-24 05:01:09) [GET]
  Parameters: {"action"=>"show", "controller"=>"welcome"}
Rendering template within layouts/application
Rendering welcome/show
Completed in 639ms (View: 567, DB: 71) | 200 OK [http://nofallacy.net/]


Processing FallaciesController#edit (for 86.201.65.251 at 2010-01-24 05:01:19) [GET]
  Parameters: {"action"=>"edit", "id"=>"1", "controller"=>"fallacies"}
Rendering template within layouts/application
Rendering fallacies/edit
Completed in 11ms (View: 7, DB: 1) | 200 OK [http://nofallacy.net/fallacies/1/edit]


Processing WelcomeController#show (for 86.201.65.251 at 2010-01-24 05:02:17) [GET]
  Parameters: {"action"=>"show", "controller"=>"welcome"}
Rendering template within layouts/application
Rendering welcome/show
Completed in 16ms (View: 14, DB: 2) | 200 OK [http://nofallacy.net/]


Processing TopicsController#show (for 86.201.65.251 at 2010-01-24 05:02:34) [GET]
  Parameters: {"action"=>"show", "id"=>"1", "controller"=>"topics"}
Rendering template within layouts/application
Rendering topics/show
Completed in 50ms (View: 31, DB: 16) | 200 OK [http://nofallacy.net/topics/1]


Processing WelcomeController#show (for 86.201.65.251 at 2010-01-24 05:05:39) [GET]
  Parameters: {"action"=>"show", "controller"=>"welcome"}
Rendering template within layouts/application
Rendering welcome/show
Completed in 76ms (View: 70, DB: 5) | 200 OK [http://nofallacy.net/]


Processing FallaciesController#show (for 86.201.65.251 at 2010-01-24 05:06:30) [GET]
  Parameters: {"action"=>"show", "id"=>"1", "controller"=>"fallacies"}
Rendering template within layouts/application
Rendering fallacies/show
Completed in 19ms (View: 15, DB: 2) | 200 OK [http://nofallacy.net/fallacies/1]


Processing WelcomeController#show (for 86.201.65.251 at 2010-01-24 05:08:01) [GET]
  Parameters: {"action"=>"show", "controller"=>"welcome"}
Rendering template within layouts/application
Rendering welcome/show
Completed in 15ms (View: 13, DB: 2) | 200 OK [http://nofallacy.net/]


Processing WelcomeController#show (for 86.201.65.251 at 2010-01-24 05:12:03) [GET]
  Parameters: {"action"=>"show", "controller"=>"welcome"}
Rendering template within layouts/application
Rendering welcome/show
Completed in 98ms (View: 92, DB: 5) | 200 OK [http://nofallacy.net/]


Processing WelcomeController#show (for 86.201.65.251 at 2010-01-24 05:12:31) [GET]
  Parameters: {"action"=>"show", "controller"=>"welcome"}
Rendering template within layouts/application
Rendering welcome/show
Completed in 16ms (View: 14, DB: 2) | 200 OK [http://nofallacy.net/]


Processing WelcomeController#show (for 86.201.65.251 at 2010-01-24 05:15:50) [GET]
  Parameters: {"action"=>"show", "controller"=>"welcome"}
Rendering template within layouts/application
Rendering welcome/show
Completed in 76ms (View: 70, DB: 5) | 200 OK [http://nofallacy.net/]


Processing WelcomeController#show (for 86.201.65.251 at 2010-01-24 05:16:07) [GET]
  Parameters: {"action"=>"show", "controller"=>"welcome"}
Rendering template within layouts/application
Rendering welcome/show
Completed in 14ms (View: 13, DB: 2) | 200 OK [http://nofallacy.net/]


Processing WelcomeController#show (for 86.201.65.251 at 2010-01-24 05:19:44) [GET]
  Parameters: {"action"=>"show", "controller"=>"welcome"}
Rendering template within layouts/application
Rendering welcome/show
Completed in 78ms (View: 71, DB: 5) | 200 OK [http://nofallacy.net/]


Processing WelcomeController#about (for 86.201.65.251 at 2010-01-24 05:39:03) [GET]
  Parameters: {"action"=>"about", "controller"=>"welcome"}
Rendering template within layouts/application
Rendering welcome/about
Completed in 22ms (View: 20, DB: 1) | 200 OK [http://nofallacy.net/about]


Processing WelcomeController#about (for 86.201.65.251 at 2010-01-24 05:40:01) [GET]
  Parameters: {"action"=>"about", "controller"=>"welcome"}
Rendering template within layouts/application
Rendering welcome/about
Completed in 30ms (View: 27, DB: 0) | 200 OK [http://nofallacy.net/about]


Processing WelcomeController#show (for 86.201.65.251 at 2010-01-24 05:40:08) [GET]
  Parameters: {"action"=>"show", "controller"=>"welcome"}
Rendering template within layouts/application
Rendering welcome/show
Completed in 65ms (View: 60, DB: 4) | 200 OK [http://nofallacy.net/]


Processing TopicsController#index (for 86.201.65.251 at 2010-01-24 05:40:15) [GET]
  Parameters: {"action"=>"index", "controller"=>"topics"}
Rendering template within layouts/application
Rendering topics/index
Completed in 18ms (View: 14, DB: 1) | 200 OK [http://nofallacy.net/topics]


Processing FallaciesController#index (for 86.201.65.251 at 2010-01-24 05:40:31) [GET]
  Parameters: {"action"=>"index", "controller"=>"fallacies"}
Rendering template within layouts/application
Rendering fallacies/index
Completed in 14ms (View: 11, DB: 1) | 200 OK [http://nofallacy.net/fallacies]


Processing UsersController#index (for 86.201.65.251 at 2010-01-24 05:40:37) [GET]
  Parameters: {"action"=>"index", "controller"=>"users"}
Rendering template within layouts/application
Rendering users/index
Completed in 19ms (View: 15, DB: 0) | 200 OK [http://nofallacy.net/users]


Processing WelcomeController#show (for 69.137.183.98 at 2010-01-24 06:40:10) [GET]
  Parameters: {"action"=>"show", "controller"=>"welcome"}
Rendering template within layouts/application
Rendering welcome/show
Completed in 77ms (View: 70, DB: 5) | 200 OK [http://www.nofallacy.net/]


Processing TopicsController#show (for 69.137.183.98 at 2010-01-24 06:40:20) [GET]
  Parameters: {"action"=>"show", "id"=>"1", "controller"=>"topics"}
Rendering template within layouts/application
Rendering topics/show
Completed in 26ms (View: 21, DB: 3) | 200 OK [http://www.nofallacy.net/topics/1]


Processing FallaciesController#index (for 69.137.183.98 at 2010-01-24 06:40:26) [GET]
  Parameters: {"action"=>"index", "controller"=>"fallacies"}
Rendering template within layouts/application
Rendering fallacies/index
Completed in 8ms (View: 6, DB: 0) | 200 OK [http://www.nofallacy.net/fallacies]


Processing FallaciesController#show (for 69.137.183.98 at 2010-01-24 06:40:31) [GET]
  Parameters: {"action"=>"show", "id"=>"1", "controller"=>"fallacies"}
Rendering template within layouts/application
Rendering fallacies/show
Completed in 46ms (View: 9, DB: 35) | 200 OK [http://www.nofallacy.net/fallacies/1]


Processing TopicsController#index (for 69.137.183.98 at 2010-01-24 06:40:41) [GET]
  Parameters: {"action"=>"index", "controller"=>"topics"}
Rendering template within layouts/application
Rendering topics/index
Completed in 7ms (View: 5, DB: 1) | 200 OK [http://www.nofallacy.net/topics]


Processing TopicsController#show (for 69.137.183.98 at 2010-01-24 06:40:42) [GET]
  Parameters: {"action"=>"show", "id"=>"1", "controller"=>"topics"}
Rendering template within layouts/application
Rendering topics/show
Completed in 19ms (View: 16, DB: 3) | 200 OK [http://www.nofallacy.net/topics/1]


Processing TopicsController#index (for 69.137.183.98 at 2010-01-24 06:40:52) [GET]
  Parameters: {"action"=>"index", "controller"=>"topics"}
Rendering template within layouts/application
Rendering topics/index
Completed in 6ms (View: 4, DB: 0) | 200 OK [http://www.nofallacy.net/topics]


Processing TopicsController#show (for 69.137.183.98 at 2010-01-24 06:40:58) [GET]
  Parameters: {"action"=>"show", "id"=>"1", "controller"=>"topics"}
Rendering template within layouts/application
Rendering topics/show
Completed in 25ms (View: 22, DB: 2) | 200 OK [http://www.nofallacy.net/topics/1]


Processing UserSessionsController#new (for 69.137.183.98 at 2010-01-24 06:41:11) [GET]
  Parameters: {"action"=>"new", "controller"=>"user_sessions"}
Rendering template within layouts/application
Rendering user_sessions/new
Completed in 9ms (View: 7, DB: 0) | 200 OK [http://www.nofallacy.net/login]


Processing UserSessionsController#create (for 69.137.183.98 at 2010-01-24 06:41:22) [POST]
  Parameters: {"commit"=>"Submit", "user_session"=>{"password"=>"[FILTERED]", "email"=>"reload1@comcast.net"}, "action"=>"create", "authenticity_token"=>"Za8JSnuVFZsMV+lZ+6vZYKxNJ3IJrASZxZLs/5+TusI=", "controller"=>"user_sessions"}
Redirected to http://www.nofallacy.net/
Completed in 184ms (DB: 1) | 302 Found [http://www.nofallacy.net/user_sessions]


Processing WelcomeController#show (for 69.137.183.98 at 2010-01-24 06:41:22) [GET]
  Parameters: {"action"=>"show", "controller"=>"welcome"}
Rendering template within layouts/application
Rendering welcome/show
Completed in 13ms (View: 10, DB: 3) | 200 OK [http://www.nofallacy.net/]


Processing TopicsController#show (for 69.137.183.98 at 2010-01-24 06:41:25) [GET]
  Parameters: {"action"=>"show", "id"=>"1", "controller"=>"topics"}
Rendering template within layouts/application
Rendering topics/show
Completed in 30ms (View: 26, DB: 4) | 200 OK [http://www.nofallacy.net/topics/1]


Processing WelcomeController#show (for 69.137.183.98 at 2010-01-24 06:42:49) [GET]
  Parameters: {"action"=>"show", "controller"=>"welcome"}
Rendering template within layouts/application
Rendering welcome/show
Completed in 11ms (View: 9, DB: 2) | 200 OK [http://www.nofallacy.net/]


Processing TopicsController#show (for 69.137.183.98 at 2010-01-24 06:42:54) [GET]
  Parameters: {"action"=>"show", "id"=>"1", "controller"=>"topics"}
Rendering template within layouts/application
Rendering topics/show
Completed in 25ms (View: 21, DB: 3) | 200 OK [http://www.nofallacy.net/topics/1]


Processing WelcomeController#show (for 69.137.183.98 at 2010-01-24 06:43:15) [GET]
  Parameters: {"action"=>"show", "controller"=>"welcome"}
Rendering template within layouts/application
Rendering welcome/show
Completed in 12ms (View: 9, DB: 2) | 200 OK [http://www.nofallacy.net/]


Processing TopicsController#show (for 69.137.183.98 at 2010-01-24 06:43:18) [GET]
  Parameters: {"action"=>"show", "id"=>"1", "controller"=>"topics"}
Rendering template within layouts/application
Rendering topics/show
Completed in 118ms (View: 114, DB: 3) | 200 OK [http://www.nofallacy.net/topics/1]


Processing WelcomeController#show (for 69.137.183.98 at 2010-01-24 06:43:25) [GET]
  Parameters: {"action"=>"show", "controller"=>"welcome"}
Rendering template within layouts/application
Rendering welcome/show
Completed in 13ms (View: 10, DB: 3) | 200 OK [http://www.nofallacy.net/]


Processing TopicsController#edit (for 69.137.183.98 at 2010-01-24 06:43:29) [GET]
  Parameters: {"action"=>"edit", "id"=>"1", "controller"=>"topics"}
Rendering template within layouts/application
Rendering topics/edit
Completed in 11ms (View: 8, DB: 1) | 200 OK [http://www.nofallacy.net/topics/1/edit]


Processing WelcomeController#show (for 69.137.183.98 at 2010-01-24 06:43:34) [GET]
  Parameters: {"action"=>"show", "controller"=>"welcome"}
Rendering template within layouts/application
Rendering welcome/show
Completed in 12ms (View: 10, DB: 2) | 200 OK [http://www.nofallacy.net/]


Processing FallaciesController#show (for 69.137.183.98 at 2010-01-24 06:43:38) [GET]
  Parameters: {"action"=>"show", "id"=>"1", "controller"=>"fallacies"}
Rendering template within layouts/application
Rendering fallacies/show
Completed in 14ms (View: 10, DB: 3) | 200 OK [http://www.nofallacy.net/fallacies/1]


Processing WelcomeController#show (for 69.137.183.98 at 2010-01-24 06:43:48) [GET]
  Parameters: {"action"=>"show", "controller"=>"welcome"}
Rendering template within layouts/application
Rendering welcome/show
Completed in 12ms (View: 10, DB: 2) | 200 OK [http://www.nofallacy.net/]


Processing TopicsController#show (for 69.137.183.98 at 2010-01-24 06:43:51) [GET]
  Parameters: {"action"=>"show", "id"=>"1", "controller"=>"topics"}
Rendering template within layouts/application
Rendering topics/show
Completed in 27ms (View: 22, DB: 3) | 200 OK [http://www.nofallacy.net/topics/1]


Processing TagsController#index (for 69.137.183.98 at 2010-01-24 06:44:00) [GET]
  Parameters: {"action"=>"index", "controller"=>"tags"}
Rendering template within layouts/application
Rendering tags/index
Completed in 15ms (View: 9, DB: 2) | 200 OK [http://www.nofallacy.net/tags]


Processing WelcomeController#help (for 69.137.183.98 at 2010-01-24 06:44:11) [GET]
  Parameters: {"action"=>"help", "controller"=>"welcome"}
Rendering template within layouts/application
Rendering welcome/help
Completed in 9ms (View: 8, DB: 0) | 200 OK [http://www.nofallacy.net/help]


Processing UsersController#edit (for 69.137.183.98 at 2010-01-24 06:44:16) [GET]
  Parameters: {"action"=>"edit", "id"=>"current", "controller"=>"users"}
Rendering template within layouts/application
Rendering users/edit
Completed in 12ms (View: 7, DB: 0) | 200 OK [http://www.nofallacy.net/users/current/edit]


Processing WelcomeController#show (for 69.137.183.98 at 2010-01-24 06:44:29) [GET]
  Parameters: {"action"=>"show", "controller"=>"welcome"}
Rendering template within layouts/application
Rendering welcome/show
Completed in 12ms (View: 10, DB: 3) | 200 OK [http://www.nofallacy.net/]


Processing FallaciesController#index (for 69.137.183.98 at 2010-01-24 06:44:34) [GET]
  Parameters: {"action"=>"index", "controller"=>"fallacies"}
Rendering template within layouts/application
Rendering fallacies/index
Completed in 10ms (View: 8, DB: 0) | 200 OK [http://www.nofallacy.net/fallacies]


Processing WelcomeController#show (for 69.137.183.98 at 2010-01-24 06:44:38) [GET]
  Parameters: {"action"=>"show", "controller"=>"welcome"}
Rendering template within layouts/application
Rendering welcome/show
Completed in 12ms (View: 10, DB: 2) | 200 OK [http://www.nofallacy.net/]


Processing UsersController#edit (for 69.137.183.98 at 2010-01-24 06:44:40) [GET]
  Parameters: {"action"=>"edit", "id"=>"current", "controller"=>"users"}
Rendering template within layouts/application
Rendering users/edit
Completed in 8ms (View: 6, DB: 0) | 200 OK [http://www.nofallacy.net/users/current/edit]


Processing WelcomeController#show (for 69.137.183.98 at 2010-01-24 06:44:44) [GET]
  Parameters: {"action"=>"show", "controller"=>"welcome"}
Rendering template within layouts/application
Rendering welcome/show
Completed in 12ms (View: 10, DB: 2) | 200 OK [http://www.nofallacy.net/]


Processing TopicsController#show (for 69.137.183.98 at 2010-01-24 06:44:54) [GET]
  Parameters: {"action"=>"show", "id"=>"1", "controller"=>"topics"}
Rendering template within layouts/application
Rendering topics/show
Completed in 127ms (View: 124, DB: 2) | 200 OK [http://www.nofallacy.net/topics/1]


Processing WelcomeController#about (for 69.137.183.98 at 2010-01-24 06:47:15) [GET]
  Parameters: {"action"=>"about", "controller"=>"welcome"}
Rendering template within layouts/application
Rendering welcome/about
Completed in 22ms (View: 19, DB: 1) | 200 OK [http://www.nofallacy.net/about]


Processing TopicsController#show (for 69.137.183.98 at 2010-01-24 06:47:37) [GET]
  Parameters: {"action"=>"show", "id"=>"1", "controller"=>"topics"}
Rendering template within layouts/application
Rendering topics/show
Completed in 104ms (View: 93, DB: 8) | 200 OK [http://www.nofallacy.net/topics/1]


Processing TopicsController#show (for 69.137.183.98 at 2010-01-24 07:20:07) [GET]
  Parameters: {"action"=>"show", "id"=>"1", "controller"=>"topics"}
Rendering template within layouts/application
Rendering topics/show
Completed in 107ms (View: 93, DB: 11) | 200 OK [http://www.nofallacy.net/topics/1]


Processing TopicsController#show (for 69.137.183.98 at 2010-01-24 07:22:38) [GET]
  Parameters: {"action"=>"show", "id"=>"1", "controller"=>"topics"}
Rendering template within layouts/application
Rendering topics/show
Completed in 27ms (View: 22, DB: 4) | 200 OK [http://www.nofallacy.net/topics/1]


Processing WelcomeController#show (for 69.137.183.98 at 2010-01-24 07:22:42) [GET]
  Parameters: {"action"=>"show", "controller"=>"welcome"}
Rendering template within layouts/application
Rendering welcome/show
Completed in 18ms (View: 13, DB: 3) | 200 OK [http://www.nofallacy.net/]


Processing TopicsController#show (for 69.137.183.98 at 2010-01-24 07:22:43) [GET]
  Parameters: {"action"=>"show", "id"=>"1", "controller"=>"topics"}
Rendering template within layouts/application
Rendering topics/show
Completed in 25ms (View: 21, DB: 3) | 200 OK [http://www.nofallacy.net/topics/1]


Processing CommentsController#create (for 69.137.183.98 at 2010-01-24 09:18:31) [POST]
  Parameters: {"comment"=>{"title"=>"Either / Or", "content"=>"The author is jumping back and forth between supporting Islam and condemning it.\r\nShe is both for freedoms and pleasures and at the same time sees them as debauchery and sin.\r\nFor instance:\r\n(I hate)\"The way they ban pleasures and progress, fill young minds with strictures to paralyse the will and suppress god-given desires in lands of freedom and autonomy.\"\r\nThen later:\r\n\"With things falling apart and ethical compasses broken, you can see why so many are turning to self-discipline and certainties in an age of chaos.\"\r\n\r\nAlso:\r\n\"Last week I once again condemned the burkha and will do so till the end of my days. By that time, with the unstoppable rise and rise of Wahhabi Islam, they will probably have incarcerated me in black polyester and turned off my voice.\r\n\r\nThen:\r\n\"Women who are not coerced but choose to cover themselves are expressing that revulsion and fear of contamination.\"\r\n\r\nHere she gives an example of Islam working:\r\n\r\n\"...and now that he is a good Muslim, he talks to covered-up ladies and can really communicate with them. The saintly Muslim female has desexualised herself, protects herself in the polluted land she lives in full of mad, bad and dangerous sinners.\"\r\n\r\nAnd here that it does not:\r\n[Muslims] want to do what their secular friends do, have nights out, go clubbing, have boyfriends and girlfriends. Many are depressed by social isolation and attempt to escape by leaving parents and Islamic legacies behind.\r\n\r\n\r\nIn this one sentence worldly pleasure is first considered acceptable and normal and then it is turned around and condemned as \"no shame, no restraint.\"\r\n\r\n \"...you are given the impression from news reports that he was a lonely boy, unhappy with his peers who drank and partied. At university he apparently cut himself off, tried to hold on to Islamic Puritanism in a country of no shame, no restraint.\r\n\r\nI think that the root of the problem with the argument stems from it's either/ or nature. It oversimplifies the argument by reducing it to only two sides or choices. It seems to say that society is either full of sin and bad or full of piousness and bad.\r\n\r\nEither way it argues against both sides and offers no solution other than \"we need to be serious.\"", "topic_id"=>"1"}, "commit"=>"Send", "action"=>"create", "authenticity_token"=>"Za8JSnuVFZsMV+lZ+6vZYKxNJ3IJrASZxZLs/5+TusI=", "controller"=>"comments", "topic_id"=>"1"}
Redirected to http://www.nofallacy.net/comments/2
Completed in 53ms (DB: 31) | 302 Found [http://www.nofallacy.net/topics/1/comments]


Processing CommentsController#show (for 69.137.183.98 at 2010-01-24 09:18:31) [GET]
  Parameters: {"action"=>"show", "id"=>"2", "controller"=>"comments"}
Rendering template within layouts/application
Rendering comments/show
Completed in 72ms (View: 66, DB: 3) | 200 OK [http://www.nofallacy.net/comments/2]


Processing TopicsController#index (for 69.137.183.98 at 2010-01-24 09:18:42) [GET]
  Parameters: {"action"=>"index", "controller"=>"topics"}
Rendering template within layouts/application
Rendering topics/index
Completed in 17ms (View: 13, DB: 1) | 200 OK [http://www.nofallacy.net/topics]


Processing TopicsController#show (for 69.137.183.98 at 2010-01-24 09:18:44) [GET]
  Parameters: {"action"=>"show", "id"=>"1", "controller"=>"topics"}
Rendering template within layouts/application
Rendering topics/show
Completed in 46ms (View: 39, DB: 5) | 200 OK [http://www.nofallacy.net/topics/1]


Processing WelcomeController#show (for 69.137.183.98 at 2010-01-24 09:18:51) [GET]
  Parameters: {"action"=>"show", "controller"=>"welcome"}
Rendering template within layouts/application
Rendering welcome/show
Completed in 19ms (View: 13, DB: 3) | 200 OK [http://www.nofallacy.net/]


Processing TopicsController#show (for 69.137.183.98 at 2010-01-24 09:18:57) [GET]
  Parameters: {"action"=>"show", "id"=>"1", "controller"=>"topics"}
Rendering template within layouts/application
Rendering topics/show
Completed in 30ms (View: 27, DB: 2) | 200 OK [http://www.nofallacy.net/topics/1]


Processing WelcomeController#show (for 90.11.183.208 at 2010-01-24 11:12:36) [GET]
  Parameters: {"action"=>"show", "controller"=>"welcome"}
Rendering template within layouts/application
Rendering welcome/show
Completed in 80ms (View: 74, DB: 5) | 200 OK [http://nofallacy.net/]


Processing TopicsController#show (for 90.11.183.208 at 2010-01-24 11:12:43) [GET]
  Parameters: {"action"=>"show", "id"=>"1", "controller"=>"topics"}
Rendering template within layouts/application
Rendering topics/show
Completed in 33ms (View: 27, DB: 3) | 200 OK [http://nofallacy.net/topics/1]


Processing WelcomeController#show (for 90.11.183.208 at 2010-01-24 11:15:16) [GET]
  Parameters: {"action"=>"show", "controller"=>"welcome"}
Rendering template within layouts/application
Rendering welcome/show
Completed in 12ms (View: 9, DB: 3) | 200 OK [http://nofallacy.net/]


Processing FallaciesController#show (for 90.11.183.208 at 2010-01-24 11:15:26) [GET]
  Parameters: {"action"=>"show", "id"=>"1", "controller"=>"fallacies"}
Rendering template within layouts/application
Rendering fallacies/show
Completed in 12ms (View: 8, DB: 1) | 200 OK [http://nofallacy.net/fallacies/1]


Processing UserSessionsController#new (for 90.11.183.208 at 2010-01-24 11:15:43) [GET]
  Parameters: {"action"=>"new", "controller"=>"user_sessions"}
Rendering template within layouts/application
Rendering user_sessions/new
Completed in 9ms (View: 6, DB: 0) | 200 OK [http://nofallacy.net/login]


Processing UserSessionsController#create (for 90.11.183.208 at 2010-01-24 11:15:52) [POST]
  Parameters: {"commit"=>"Submit", "user_session"=>{"password"=>"[FILTERED]", "email"=>"subtenante@gmail.com"}, "action"=>"create", "authenticity_token"=>"63SGU8Zo9ssU49DaDrD4bMFxAhp7an156v4I96LezMY=", "controller"=>"user_sessions"}
Redirected to http://nofallacy.net/
Completed in 220ms (DB: 1) | 302 Found [http://nofallacy.net/user_sessions]


Processing WelcomeController#show (for 90.11.183.208 at 2010-01-24 11:15:53) [GET]
  Parameters: {"action"=>"show", "controller"=>"welcome"}
Rendering template within layouts/application
Rendering welcome/show
Completed in 18ms (View: 15, DB: 2) | 200 OK [http://nofallacy.net/]


Processing FallaciesController#index (for 90.11.183.208 at 2010-01-24 11:15:59) [GET]
  Parameters: {"action"=>"index", "controller"=>"fallacies"}
Rendering template within layouts/application
Rendering fallacies/index
Completed in 13ms (View: 12, DB: 1) | 200 OK [http://nofallacy.net/fallacies]


Processing WelcomeController#about (for 90.11.183.208 at 2010-01-24 11:26:01) [GET]
  Parameters: {"action"=>"about", "controller"=>"welcome"}
Rendering template within layouts/application
Rendering welcome/about
Completed in 23ms (View: 20, DB: 1) | 200 OK [http://nofallacy.net/about]


Processing TopicsController#index (for 90.11.183.208 at 2010-01-24 11:35:33) [GET]
  Parameters: {"action"=>"index", "controller"=>"topics"}
Rendering template within layouts/application
Rendering topics/index
Completed in 76ms (View: 72, DB: 2) | 200 OK [http://nofallacy.net/topics]


Processing FallaciesController#index (for 90.11.183.208 at 2010-01-24 11:43:30) [GET]
  Parameters: {"action"=>"index", "controller"=>"fallacies"}
Rendering template within layouts/application
Rendering fallacies/index
Completed in 80ms (View: 76, DB: 2) | 200 OK [http://nofallacy.net/fallacies]


Processing FallaciesController#create (for 90.11.183.208 at 2010-01-24 11:50:20) [POST]
  Parameters: {"commit"=>"Create", "action"=>"create", "authenticity_token"=>"63SGU8Zo9ssU49DaDrD4bMFxAhp7an156v4I96LezMY=", "fallacy"=>{"shortname"=>"circular", "title"=>"Circular argumentation", "content"=>"h1. Definition \r\n\r\nThis restates the argument rather than actually proving it. \r\n\r\nh1. Canonical example\r\n\r\n-- I think my culture is superior to any other ?<br/>\r\n-- Why ?<br/>\r\n-- Well, because all the others are clearly inferior.\r\n"}, "controller"=>"fallacies"}
Redirected to http://nofallacy.net/fallacies/2
Completed in 23ms (DB: 4) | 302 Found [http://nofallacy.net/fallacies]


Processing FallaciesController#show (for 90.11.183.208 at 2010-01-24 11:50:21) [GET]
  Parameters: {"action"=>"show", "id"=>"2", "controller"=>"fallacies"}
Rendering template within layouts/application
Rendering fallacies/show
Completed in 24ms (View: 19, DB: 4) | 200 OK [http://nofallacy.net/fallacies/2]


Processing FallaciesController#edit (for 90.11.183.208 at 2010-01-24 11:50:30) [GET]
  Parameters: {"action"=>"edit", "id"=>"2", "controller"=>"fallacies"}
Rendering template within layouts/application
Rendering fallacies/edit
Completed in 9ms (View: 7, DB: 0) | 200 OK [http://nofallacy.net/fallacies/2/edit]


Processing FallaciesController#update (for 90.11.183.208 at 2010-01-24 11:50:42) [PUT]
  Parameters: {"commit"=>"Update", "action"=>"update", "_method"=>"put", "authenticity_token"=>"63SGU8Zo9ssU49DaDrD4bMFxAhp7an156v4I96LezMY=", "id"=>"2", "fallacy"=>{"shortname"=>"circular", "title"=>"Circular argumentation", "content"=>"h1. Definition \r\n\r\nThis restates the argument rather than actually proving it. \r\n\r\nh1. Canonical example\r\n\r\n-- I think my culture is superior to any other ?<br/> \r\n-- Why ?<br/> \r\n-- Well, because all the others are clearly inferior.\r\n"}, "controller"=>"fallacies"}
Redirected to http://nofallacy.net/fallacies/2
Completed in 10ms (DB: 5) | 302 Found [http://nofallacy.net/fallacies/2]


Processing FallaciesController#show (for 90.11.183.208 at 2010-01-24 11:50:43) [GET]
  Parameters: {"action"=>"show", "id"=>"2", "controller"=>"fallacies"}
Rendering template within layouts/application
Rendering fallacies/show
Completed in 13ms (View: 10, DB: 2) | 200 OK [http://nofallacy.net/fallacies/2]


Processing FallaciesController#edit (for 90.11.183.208 at 2010-01-24 11:50:50) [GET]
  Parameters: {"action"=>"edit", "id"=>"2", "controller"=>"fallacies"}
Rendering template within layouts/application
Rendering fallacies/edit
Completed in 9ms (View: 6, DB: 1) | 200 OK [http://nofallacy.net/fallacies/2/edit]


Processing FallaciesController#update (for 90.11.183.208 at 2010-01-24 11:51:07) [PUT]
  Parameters: {"commit"=>"Update", "action"=>"update", "_method"=>"put", "authenticity_token"=>"63SGU8Zo9ssU49DaDrD4bMFxAhp7an156v4I96LezMY=", "id"=>"2", "fallacy"=>{"shortname"=>"circular", "title"=>"Circular argumentation", "content"=>"h1. Definition \r\n\r\nThis restates the argument rather than actually proving it. \r\n\r\nh1. Canonical example\r\n\r\n- I think my culture is superior to any other ? <br/>\r\n- Why ? <br/>\r\n- Well, because all the others are clearly inferior.\r\n"}, "controller"=>"fallacies"}
Redirected to http://nofallacy.net/fallacies/2
Completed in 13ms (DB: 8) | 302 Found [http://nofallacy.net/fallacies/2]


Processing FallaciesController#show (for 90.11.183.208 at 2010-01-24 11:51:07) [GET]
  Parameters: {"action"=>"show", "id"=>"2", "controller"=>"fallacies"}
Rendering template within layouts/application
Rendering fallacies/show
Completed in 14ms (View: 11, DB: 2) | 200 OK [http://nofallacy.net/fallacies/2]


Processing TopicsController#index (for 90.11.183.208 at 2010-01-24 11:51:23) [GET]
  Parameters: {"action"=>"index", "controller"=>"topics"}
Rendering template within layouts/application
Rendering topics/index
Completed in 65ms (View: 61, DB: 2) | 200 OK [http://nofallacy.net/topics]


Processing TopicsController#create (for 90.11.183.208 at 2010-01-24 12:00:22) [POST]
  Parameters: {"commit"=>"Update", "action"=>"create", "authenticity_token"=>"63SGU8Zo9ssU49DaDrD4bMFxAhp7an156v4I96LezMY=", "topic"=>{"title"=>"Zeno's proof that the Universe employs reason", "url"=>"", "origin"=>"Zeno, the father of Stoicism, was quoted by Cicero and Sextus Empiricus, on a proof he gave to establish that the Universe employs reason.", "content"=>"h1. Zeno's proof as quoted by Cicero in _De Natura Deorum_ (II, 20)\r\n\r\nbq. What employs reason is better than what does not<br/>\r\nBut nothing is better than the Universe<br/>\r\nTherefore the Universe employs reason.", "topic_tags"=>"zeno syllogism cicero universe reason"}, "controller"=>"topics"}
Redirected to http://nofallacy.net/topics/2
Completed in 56ms (DB: 19) | 302 Found [http://nofallacy.net/topics]


Processing TopicsController#show (for 90.11.183.208 at 2010-01-24 12:00:23) [GET]
  Parameters: {"action"=>"show", "id"=>"2", "controller"=>"topics"}
Rendering template within layouts/application
Rendering topics/show
Completed in 33ms (View: 27, DB: 5) | 200 OK [http://nofallacy.net/topics/2]


Processing WelcomeController#show (for 90.11.183.208 at 2010-01-24 12:00:55) [GET]
  Parameters: {"action"=>"show", "controller"=>"welcome"}
Rendering template within layouts/application
Rendering welcome/show
Completed in 75ms (View: 71, DB: 3) | 200 OK [http://nofallacy.net/]


Processing WelcomeController#show (for 90.11.183.208 at 2010-01-24 12:12:37) [GET]
  Parameters: {"action"=>"show", "controller"=>"welcome"}
Rendering template within layouts/application
Rendering welcome/show
Completed in 121ms (View: 113, DB: 6) | 200 OK [http://nofallacy.net/]


Processing TopicsController#show (for 90.11.183.208 at 2010-01-24 12:12:43) [GET]
  Parameters: {"action"=>"show", "id"=>"2", "controller"=>"topics"}
Rendering template within layouts/application
Rendering topics/show
Completed in 28ms (View: 22, DB: 4) | 200 OK [http://nofallacy.net/topics/2]


Processing TagsController#index (for 90.11.183.208 at 2010-01-24 12:13:05) [GET]
  Parameters: {"action"=>"index", "controller"=>"tags"}
Rendering template within layouts/application
Rendering tags/index
Completed in 32ms (View: 25, DB: 2) | 200 OK [http://nofallacy.net/tags]


Processing TagsController#show (for 90.11.183.208 at 2010-01-24 12:13:11) [GET]
  Parameters: {"action"=>"show", "id"=>"4", "controller"=>"tags"}
Rendering template within layouts/application
Rendering tags/show
Completed in 12ms (View: 10, DB: 1) | 200 OK [http://nofallacy.net/tags/4]


Processing WelcomeController#show (for 90.11.183.208 at 2010-01-24 12:13:19) [GET]
  Parameters: {"action"=>"show", "controller"=>"welcome"}
Rendering template within layouts/application
Rendering welcome/show
Completed in 57ms (View: 53, DB: 4) | 200 OK [http://nofallacy.net/]


Processing TopicsController#index (for 90.11.183.208 at 2010-01-24 12:13:25) [GET]
  Parameters: {"action"=>"index", "controller"=>"topics"}
Rendering template within layouts/application
Rendering topics/index
Completed in 18ms (View: 16, DB: 1) | 200 OK [http://nofallacy.net/topics]
